<?xml version="1.0" encoding="utf-8"?>
<assemblies>
  <assembly name="C:\Users\aliostad\GitHub\zipkin-csharp\tests\Zipkin.Tracer.Tests\bin\Release\Zipkin.Tracer.Tests.DLL" environment="64-bit .NET 4.0.30319.42000 [collection-per-class, non-parallel]" test-framework="xUnit.net 2.0.0.2929" run-date="2017-02-07" run-time="21:29:49" config-file="C:\Users\aliostad\GitHub\zipkin-csharp\packages\xunit.runner.console\tools\xunit.console.exe.Config" total="2" passed="2" failed="0" skipped="0" time="0.420" errors="0">
    <errors />
    <collection total="1" passed="1" failed="0" skipped="0" name="Test collection for Zipkin.Tracer.Tests.SpanTest" time="0.014">
      <test name="Zipkin.Tracer.Tests.SpanTest.Span_should_serialize_properly" type="Zipkin.Tracer.Tests.SpanTest" method="Span_should_serialize_properly" time="0.0143805" result="Pass" />
    </collection>
    <collection total="1" passed="1" failed="0" skipped="0" name="Test collection for Zipkin.Tracer.Tests.AnnotationTest" time="0.088">
      <test name="Zipkin.Tracer.Tests.AnnotationTest.Annotation_should_serialize_properly" type="Zipkin.Tracer.Tests.AnnotationTest" method="Annotation_should_serialize_properly" time="0.0883033" result="Pass" />
    </collection>
  </assembly>
</assemblies>